<?xml version="1.0" encoding="UTF-8"?>
<!-- Generated by org.testng.reporters.JUnitReportReporter -->
<testsuite hostname="Sris-MBP.lan" failures="0" tests="1" name="org.tests.FirstTest" time="21.655" errors="0" timestamp="29 Jan 2024 07:41:15 GMT" skipped="0">
  <testcase classname="org.tests.FirstTest" name="test" time="21.655"/>
</testsuite> <!-- org.tests.FirstTest -->
