<?xml version="1.0" encoding="UTF-8"?>
<!-- Generated by org.testng.reporters.JUnitReportReporter -->
<testsuite hostname="WKWZTFAcKo4iYHw" failures="0" tests="1" name="org.tests.FirstTest" time="22.914" errors="0" timestamp="25 Jan 2024 19:05:40 GMT" skipped="0">
  <testcase classname="org.tests.FirstTest" name="test" time="22.914"/>
</testsuite> <!-- org.tests.FirstTest -->
